<?xml version="1.0" encoding="UTF-8"?>
<!-- Generated by org.testng.reporters.JUnitReportReporter -->
<testsuite hostname="Nikhil" failures="0" tests="1" name="Test_Tata_AIA_Classes.Test_Tata_AIA_With_Invalid_Mob_No" time="10.174" errors="0" timestamp="2023-03-02T10:49:55 IST" skipped="0">
  <testcase classname="Test_Tata_AIA_Classes.Test_Tata_AIA_With_Invalid_Mob_No" name="Verify_user_Should_Get_Error_Message_When_Mob_No_NotTenDigit_Or_Not_A_Proper_Number" time="10.174"/>
  <system-out/>
</testsuite> <!-- Test_Tata_AIA_Classes.Test_Tata_AIA_With_Invalid_Mob_No -->
