<?xml version="1.0" encoding="UTF-8"?>
<!-- Generated by org.testng.reporters.JUnitReportReporter -->
<testsuite hostname="Nikhil" failures="0" tests="1" name="Test_Tata_AIA_Classes.Test_Tata_AIA_With_Valid_Name_And_Mob_No" time="6.089" errors="0" timestamp="2023-03-02T10:49:55 IST" skipped="0">
  <testcase classname="Test_Tata_AIA_Classes.Test_Tata_AIA_With_Valid_Name_And_Mob_No" name="Verify_create_user_With_Valid_Credentials" time="6.089"/>
  <system-out/>
</testsuite> <!-- Test_Tata_AIA_Classes.Test_Tata_AIA_With_Valid_Name_And_Mob_No -->
