<?xml version="1.0" encoding="UTF-8"?>
<!-- Generated by org.testng.reporters.JUnitReportReporter -->
<testsuite hostname="Nikhil" failures="0" tests="1" name="Test_Tata_AIA_Classes.Test_Tata_AIA_Classes" time="12.532" errors="0" timestamp="2023-03-01T21:20:05 IST" skipped="0">
  <testcase classname="Test_Tata_AIA_Classes.Test_Tata_AIA_Classes" name="Verify_create_user_With_Valid_Credentials" time="12.532"/>
  <system-out/>
</testsuite> <!-- Test_Tata_AIA_Classes.Test_Tata_AIA_Classes -->
