<?xml version="1.0" encoding="UTF-8"?>
<!-- Generated by org.testng.reporters.JUnitReportReporter -->
<testsuite hostname="Nikhil" failures="0" tests="1" name="Test_Tata_AIA_Classes.Test_Tata_AIA_Classes3" time="146.641" errors="0" timestamp="2023-03-01T19:57:42 IST" skipped="0">
  <testcase classname="Test_Tata_AIA_Classes.Test_Tata_AIA_Classes3" name="create_user_Without_Valid_Cred" time="146.641"/>
  <system-out/>
</testsuite> <!-- Test_Tata_AIA_Classes.Test_Tata_AIA_Classes3 -->
